[2018-10-07 16:53:45] START
[2018-10-07 16:53:45] CREATE usuario.py: 0
[2018-10-07 16:54:21] CREATE login.html: 0
[2018-10-07 16:55:06] CREATE usuario/login.html: 0
[2018-10-07 21:07:53] CREATE usuario/registrar.html: 0
[2018-10-07 21:18:12] CREATE usuario/admin.html: 0
[2018-10-07 21:48:12] CREATE sexo.py: 0
[2018-10-07 21:48:40] CREATE persona/sexo.html: 0
[2018-10-07 21:53:04] CREATE sexo/admin.html: 0
[2018-10-08 00:06:55] CREATE qr.py: 0
[2018-10-08 00:07:16] CREATE qr/qr.html: 0
[2018-10-09 12:30:18] CREATE persona.py: 0
[2018-10-09 12:30:30] CREATE persona/index.html: 0
[2018-10-09 12:35:13] CREATE persona/admin.html: 0
[2018-10-09 12:37:04] CREATE nacionalidad.py: 0
[2018-10-09 12:37:15] CREATE nacionalidad/admin.html: 0
[2018-10-09 12:39:00] CREATE tipopersona.py: 0
[2018-10-09 12:39:31] CREATE tipopersona/admin.py: 0
[2018-10-09 12:40:55] CREATE tipoPersona/admin.html: 0
[2018-10-10 00:05:27] CREATE sss.html: 0
[2018-10-22 11:14:19] CREATE subarea.py: 0
[2018-10-22 11:14:27] CREATE area.py: 0
[2018-10-22 11:14:40] CREATE vehiculo.py: 0
[2018-10-22 11:14:49] CREATE tipovehiculo.py: 0
[2018-10-22 11:15:39] CREATE subarea/index.html: 0
[2018-10-22 11:15:50] CREATE area/index.html: 0
[2018-10-22 11:16:07] CREATE vehiculo/index.html: 0
[2018-10-22 11:16:20] CREATE tipovehiculo/index.html: 0
[2018-11-09 01:45:52] EDIT Solapin/controllers/importarcsv.py: -1
[2018-11-27 13:15:01] EDIT Solapin/controllers/importarcsv.py: 0
[2018-11-27 13:15:23] EDIT Solapin/controllers/importarcsv.py: 1
[2018-11-27 13:20:26] EDIT Solapin/controllers/importarcsv.py: -1
