timestamp: 2019-02-14T06:13:26.250000
CREATE TABLE "Tipo_Persona"(
    "id" INTEGER PRIMARY KEY AUTOINCREMENT,
    "tipo" CHAR(512) NOT NULL
);
success!
timestamp: 2019-02-14T06:13:26.502000
CREATE TABLE "Nacionalidad"(
    "id" INTEGER PRIMARY KEY AUTOINCREMENT,
    "nacionalidad" CHAR(100) NOT NULL UNIQUE
);
success!
timestamp: 2019-02-14T06:13:26.633000
CREATE TABLE "Area"(
    "id" INTEGER PRIMARY KEY AUTOINCREMENT,
    "area" CHAR(512)
);
success!
timestamp: 2019-02-14T06:13:26.758000
CREATE TABLE "Tipo_Vehiculo"(
    "id" INTEGER PRIMARY KEY AUTOINCREMENT,
    "nombre" CHAR(512)
);
success!
timestamp: 2019-02-14T06:13:26.902000
CREATE TABLE "Persona"(
    "id" INTEGER PRIMARY KEY AUTOINCREMENT,
    "nombre" CHAR(512) NOT NULL,
    "apellidos" CHAR(512),
    "ci" CHAR(512),
    "idNacionalidad" INTEGER REFERENCES "Nacionalidad" ("id") ON DELETE CASCADE  ,
    "foto" CHAR(512),
    "sexo" CHAR(512),
    "id_tipo_Persona" INTEGER REFERENCES "Tipo_Persona" ("id") ON DELETE CASCADE  ,
    "id_Area" INTEGER REFERENCES "Area" ("id") ON DELETE CASCADE  ,
    "becado" CHAR(1),
    "foto64" BLOB
);
success!
timestamp: 2019-02-14T06:13:27.041000
CREATE TABLE "Vehiculo"(
    "id" INTEGER PRIMARY KEY AUTOINCREMENT,
    "nombreVehiculo" CHAR(512) UNIQUE,
    "chapa" CHAR(40),
    "id_Persona" INTEGER REFERENCES "Persona" ("id") ON DELETE CASCADE  ,
    "id_Tipo_Vehiculo" INTEGER REFERENCES "Tipo_Vehiculo" ("id") ON DELETE CASCADE  ,
    "descripcion" CHAR(512)
);
success!
timestamp: 2019-02-14T06:13:27.209000
CREATE TABLE "sub_area"(
    "id" INTEGER PRIMARY KEY AUTOINCREMENT,
    "nombre" CHAR(512),
    "id_Area" INTEGER REFERENCES "Area" ("id") ON DELETE CASCADE  
);
success!
timestamp: 2019-02-14T06:13:27.315000
CREATE TABLE "verificar_actualizacion"(
    "id" INTEGER PRIMARY KEY AUTOINCREMENT,
    "actualizando" CHAR(1)
);
success!
timestamp: 2019-02-14T06:13:27.891000
CREATE TABLE "cambio_estado"(
    "id" INTEGER PRIMARY KEY AUTOINCREMENT,
    "fecha" TIMESTAMP,
    "codigo_persona" CHAR(512),
    "estado" CHAR(512)
);
success!
timestamp: 2019-02-14T06:13:28.161000
CREATE TABLE "auth_user"(
    "id" INTEGER PRIMARY KEY AUTOINCREMENT,
    "first_name" CHAR(128),
    "last_name" CHAR(128),
    "email" CHAR(512),
    "username" CHAR(128),
    "password" CHAR(512),
    "registration_key" CHAR(512),
    "reset_password_key" CHAR(512),
    "registration_id" CHAR(512),
    "is_active" CHAR(1),
    "created_on" TIMESTAMP,
    "created_by" INTEGER REFERENCES "auth_user" ("id") ON DELETE CASCADE  ,
    "modified_on" TIMESTAMP,
    "modified_by" INTEGER REFERENCES "auth_user" ("id") ON DELETE CASCADE  
);
success!
timestamp: 2019-02-14T06:13:28.335000
CREATE TABLE "auth_group"(
    "id" INTEGER PRIMARY KEY AUTOINCREMENT,
    "role" CHAR(512),
    "description" TEXT,
    "is_active" CHAR(1),
    "created_on" TIMESTAMP,
    "created_by" INTEGER REFERENCES "auth_user" ("id") ON DELETE CASCADE  ,
    "modified_on" TIMESTAMP,
    "modified_by" INTEGER REFERENCES "auth_user" ("id") ON DELETE CASCADE  
);
success!
timestamp: 2019-02-14T06:13:28.457000
CREATE TABLE "auth_membership"(
    "id" INTEGER PRIMARY KEY AUTOINCREMENT,
    "user_id" INTEGER REFERENCES "auth_user" ("id") ON DELETE CASCADE  ,
    "group_id" INTEGER REFERENCES "auth_group" ("id") ON DELETE CASCADE  ,
    "is_active" CHAR(1),
    "created_on" TIMESTAMP,
    "created_by" INTEGER REFERENCES "auth_user" ("id") ON DELETE CASCADE  ,
    "modified_on" TIMESTAMP,
    "modified_by" INTEGER REFERENCES "auth_user" ("id") ON DELETE CASCADE  
);
success!
timestamp: 2019-02-14T06:13:28.745000
CREATE TABLE "auth_permission"(
    "id" INTEGER PRIMARY KEY AUTOINCREMENT,
    "group_id" INTEGER REFERENCES "auth_group" ("id") ON DELETE CASCADE  ,
    "name" CHAR(512),
    "table_name" CHAR(512),
    "record_id" INTEGER,
    "is_active" CHAR(1),
    "created_on" TIMESTAMP,
    "created_by" INTEGER REFERENCES "auth_user" ("id") ON DELETE CASCADE  ,
    "modified_on" TIMESTAMP,
    "modified_by" INTEGER REFERENCES "auth_user" ("id") ON DELETE CASCADE  
);
success!
timestamp: 2019-02-14T06:13:29.193000
CREATE TABLE "auth_event"(
    "id" INTEGER PRIMARY KEY AUTOINCREMENT,
    "time_stamp" TIMESTAMP,
    "client_ip" CHAR(512),
    "user_id" INTEGER REFERENCES "auth_user" ("id") ON DELETE CASCADE  ,
    "origin" CHAR(512),
    "description" TEXT
);
success!
timestamp: 2019-02-14T06:13:29.280000
CREATE TABLE "auth_cas"(
    "id" INTEGER PRIMARY KEY AUTOINCREMENT,
    "user_id" INTEGER REFERENCES "auth_user" ("id") ON DELETE CASCADE  ,
    "created_on" TIMESTAMP,
    "service" CHAR(512),
    "ticket" CHAR(512),
    "renew" CHAR(1)
);
success!
timestamp: 2019-02-14T06:13:29.448000
CREATE TABLE "actualizacion"(
    "id" INTEGER PRIMARY KEY AUTOINCREMENT,
    "fecha" TIMESTAMP
);
success!
timestamp: 2019-02-14T06:13:29.583000
CREATE TABLE "act_persona"(
    "id" INTEGER PRIMARY KEY AUTOINCREMENT,
    "foto" CHAR(512),
    "ci" CHAR(512)
);
success!
timestamp: 2019-02-14T06:13:29.806000
CREATE TABLE "scheduler_task"(
    "id" INTEGER PRIMARY KEY AUTOINCREMENT,
    "application_name" CHAR(512),
    "task_name" CHAR(512),
    "group_name" CHAR(512),
    "status" CHAR(512),
    "function_name" CHAR(512),
    "uuid" CHAR(255) UNIQUE,
    "args" TEXT,
    "vars" TEXT,
    "enabled" CHAR(1),
    "start_time" TIMESTAMP,
    "next_run_time" TIMESTAMP,
    "stop_time" TIMESTAMP,
    "repeats" INTEGER,
    "retry_failed" INTEGER,
    "period" INTEGER,
    "prevent_drift" CHAR(1),
    "cronline" CHAR(512),
    "timeout" INTEGER,
    "sync_output" INTEGER,
    "times_run" INTEGER,
    "times_failed" INTEGER,
    "last_run_time" TIMESTAMP,
    "assigned_worker_name" CHAR(512)
);
success!
timestamp: 2019-02-14T06:13:30.022000
CREATE TABLE "scheduler_run"(
    "id" INTEGER PRIMARY KEY AUTOINCREMENT,
    "task_id" INTEGER REFERENCES "scheduler_task" ("id") ON DELETE CASCADE  ,
    "status" CHAR(512),
    "start_time" TIMESTAMP,
    "stop_time" TIMESTAMP,
    "run_output" TEXT,
    "run_result" TEXT,
    "traceback" TEXT,
    "worker_name" CHAR(512)
);
success!
timestamp: 2019-02-14T06:13:30.172000
CREATE TABLE "scheduler_worker"(
    "id" INTEGER PRIMARY KEY AUTOINCREMENT,
    "worker_name" CHAR(255) UNIQUE,
    "first_heartbeat" TIMESTAMP,
    "last_heartbeat" TIMESTAMP,
    "status" CHAR(512),
    "is_ticker" CHAR(1),
    "group_names" TEXT,
    "worker_stats" TEXT
);
success!
timestamp: 2019-02-14T06:13:30.304000
CREATE TABLE "scheduler_task_deps"(
    "id" INTEGER PRIMARY KEY AUTOINCREMENT,
    "job_name" CHAR(512),
    "task_parent" INTEGER,
    "task_child" INTEGER REFERENCES "scheduler_task" ("id") ON DELETE CASCADE  ,
    "can_visit" CHAR(1)
);
success!
